Analysis & Synthesis report for lab6
Thu Nov 28 15:00:21 2024
Quartus II 32-bit Version 13.0.1 Build 232 06/12/2013 Service Pack 1 SJ Full Version


---------------------
; Table of Contents ;
---------------------
  1. Legal Notice
  2. Analysis & Synthesis Summary
  3. Analysis & Synthesis Settings
  4. Parallel Compilation
  5. Analysis & Synthesis Source Files Read
  6. Analysis & Synthesis Resource Usage Summary
  7. Analysis & Synthesis Resource Utilization by Entity
  8. Registers Removed During Synthesis
  9. General Register Statistics
 10. Parameter Settings for Inferred Entity Instance: ALU3:inst7|lpm_divide:Div0
 11. Parameter Settings for Inferred Entity Instance: ALU3:inst7|lpm_divide:Mod0
 12. Elapsed Time Per Partition
 13. Analysis & Synthesis Messages



----------------
; Legal Notice ;
----------------
Copyright (C) 1991-2013 Altera Corporation
Your use of Altera Corporation's design tools, logic functions 
and other software and tools, and its AMPP partner logic 
functions, and any output files from any of the foregoing 
(including device programming or simulation files), and any 
associated documentation or information are expressly subject 
to the terms and conditions of the Altera Program License 
Subscription Agreement, Altera MegaCore Function License 
Agreement, or other applicable license agreement, including, 
without limitation, that your use is for the sole purpose of 
programming logic devices manufactured by Altera and sold by 
Altera or its authorized distributors.  Please refer to the 
applicable agreement for further details.



+---------------------------------------------------------------------------------------+
; Analysis & Synthesis Summary                                                          ;
+------------------------------------+--------------------------------------------------+
; Analysis & Synthesis Status        ; Successful - Thu Nov 28 15:00:20 2024            ;
; Quartus II 32-bit Version          ; 13.0.1 Build 232 06/12/2013 SP 1 SJ Full Version ;
; Revision Name                      ; lab6                                             ;
; Top-level Entity Name              ; ALUtest                                          ;
; Family                             ; Cyclone II                                       ;
; Total logic elements               ; 140                                              ;
;     Total combinational functions  ; 140                                              ;
;     Dedicated logic registers      ; 1                                                ;
; Total registers                    ; 1                                                ;
; Total pins                         ; 42                                               ;
; Total virtual pins                 ; 0                                                ;
; Total memory bits                  ; 0                                                ;
; Embedded Multiplier 9-bit elements ; 0                                                ;
; Total PLLs                         ; 0                                                ;
+------------------------------------+--------------------------------------------------+


+----------------------------------------------------------------------------------------------------------------------+
; Analysis & Synthesis Settings                                                                                        ;
+----------------------------------------------------------------------------+--------------------+--------------------+
; Option                                                                     ; Setting            ; Default Value      ;
+----------------------------------------------------------------------------+--------------------+--------------------+
; Device                                                                     ; EP2C35F672C6       ;                    ;
; Top-level entity name                                                      ; ALUtest            ; lab6               ;
; Family name                                                                ; Cyclone II         ; Cyclone IV GX      ;
; Use smart compilation                                                      ; Off                ; Off                ;
; Enable parallel Assembler and TimeQuest Timing Analyzer during compilation ; On                 ; On                 ;
; Enable compact report table                                                ; Off                ; Off                ;
; Restructure Multiplexers                                                   ; Auto               ; Auto               ;
; Create Debugging Nodes for IP Cores                                        ; Off                ; Off                ;
; Preserve fewer node names                                                  ; On                 ; On                 ;
; Disable OpenCore Plus hardware evaluation                                  ; Off                ; Off                ;
; Verilog Version                                                            ; Verilog_2001       ; Verilog_2001       ;
; VHDL Version                                                               ; VHDL_1993          ; VHDL_1993          ;
; State Machine Processing                                                   ; Auto               ; Auto               ;
; Safe State Machine                                                         ; Off                ; Off                ;
; Extract Verilog State Machines                                             ; On                 ; On                 ;
; Extract VHDL State Machines                                                ; On                 ; On                 ;
; Ignore Verilog initial constructs                                          ; Off                ; Off                ;
; Iteration limit for constant Verilog loops                                 ; 5000               ; 5000               ;
; Iteration limit for non-constant Verilog loops                             ; 250                ; 250                ;
; Add Pass-Through Logic to Inferred RAMs                                    ; On                 ; On                 ;
; Infer RAMs from Raw Logic                                                  ; On                 ; On                 ;
; Parallel Synthesis                                                         ; On                 ; On                 ;
; DSP Block Balancing                                                        ; Auto               ; Auto               ;
; NOT Gate Push-Back                                                         ; On                 ; On                 ;
; Power-Up Don't Care                                                        ; On                 ; On                 ;
; Remove Redundant Logic Cells                                               ; Off                ; Off                ;
; Remove Duplicate Registers                                                 ; On                 ; On                 ;
; Ignore CARRY Buffers                                                       ; Off                ; Off                ;
; Ignore CASCADE Buffers                                                     ; Off                ; Off                ;
; Ignore GLOBAL Buffers                                                      ; Off                ; Off                ;
; Ignore ROW GLOBAL Buffers                                                  ; Off                ; Off                ;
; Ignore LCELL Buffers                                                       ; Off                ; Off                ;
; Ignore SOFT Buffers                                                        ; On                 ; On                 ;
; Limit AHDL Integers to 32 Bits                                             ; Off                ; Off                ;
; Optimization Technique                                                     ; Balanced           ; Balanced           ;
; Carry Chain Length                                                         ; 70                 ; 70                 ;
; Auto Carry Chains                                                          ; On                 ; On                 ;
; Auto Open-Drain Pins                                                       ; On                 ; On                 ;
; Perform WYSIWYG Primitive Resynthesis                                      ; Off                ; Off                ;
; Auto ROM Replacement                                                       ; On                 ; On                 ;
; Auto RAM Replacement                                                       ; On                 ; On                 ;
; Auto Shift Register Replacement                                            ; Auto               ; Auto               ;
; Allow Shift Register Merging across Hierarchies                            ; Auto               ; Auto               ;
; Auto Clock Enable Replacement                                              ; On                 ; On                 ;
; Strict RAM Replacement                                                     ; Off                ; Off                ;
; Allow Synchronous Control Signals                                          ; On                 ; On                 ;
; Force Use of Synchronous Clear Signals                                     ; Off                ; Off                ;
; Auto RAM to Logic Cell Conversion                                          ; Off                ; Off                ;
; Auto Resource Sharing                                                      ; Off                ; Off                ;
; Allow Any RAM Size For Recognition                                         ; Off                ; Off                ;
; Allow Any ROM Size For Recognition                                         ; Off                ; Off                ;
; Allow Any Shift Register Size For Recognition                              ; Off                ; Off                ;
; Use LogicLock Constraints during Resource Balancing                        ; On                 ; On                 ;
; Ignore translate_off and synthesis_off directives                          ; Off                ; Off                ;
; Timing-Driven Synthesis                                                    ; Off                ; Off                ;
; Report Parameter Settings                                                  ; On                 ; On                 ;
; Report Source Assignments                                                  ; On                 ; On                 ;
; Report Connectivity Checks                                                 ; On                 ; On                 ;
; Ignore Maximum Fan-Out Assignments                                         ; Off                ; Off                ;
; Synchronization Register Chain Length                                      ; 2                  ; 2                  ;
; PowerPlay Power Optimization                                               ; Normal compilation ; Normal compilation ;
; HDL message level                                                          ; Level2             ; Level2             ;
; Suppress Register Optimization Related Messages                            ; Off                ; Off                ;
; Number of Removed Registers Reported in Synthesis Report                   ; 5000               ; 5000               ;
; Number of Swept Nodes Reported in Synthesis Report                         ; 5000               ; 5000               ;
; Number of Inverted Registers Reported in Synthesis Report                  ; 100                ; 100                ;
; Clock MUX Protection                                                       ; On                 ; On                 ;
; Auto Gated Clock Conversion                                                ; Off                ; Off                ;
; Block Design Naming                                                        ; Auto               ; Auto               ;
; SDC constraint protection                                                  ; Off                ; Off                ;
; Synthesis Effort                                                           ; Auto               ; Auto               ;
; Shift Register Replacement - Allow Asynchronous Clear Signal               ; On                 ; On                 ;
; Pre-Mapping Resynthesis Optimization                                       ; Off                ; Off                ;
; Analysis & Synthesis Message Level                                         ; Medium             ; Medium             ;
; Disable Register Merging Across Hierarchies                                ; Auto               ; Auto               ;
; Resource Aware Inference For Block RAM                                     ; On                 ; On                 ;
; Synthesis Seed                                                             ; 1                  ; 1                  ;
+----------------------------------------------------------------------------+--------------------+--------------------+


+------------------------------------------+
; Parallel Compilation                     ;
+----------------------------+-------------+
; Processors                 ; Number      ;
+----------------------------+-------------+
; Number detected on machine ; 8           ;
; Maximum allowed            ; 4           ;
;                            ;             ;
; Average used               ; 1.00        ;
; Maximum used               ; 1           ;
;                            ;             ;
; Usage by Processor         ; % Time Used ;
;     Processor 1            ; 100.0%      ;
;     Processors 2-8         ;   0.0%      ;
+----------------------------+-------------+


+-----------------------------------------------------------------------------------------------------------------------------------------------------------------------------------+
; Analysis & Synthesis Source Files Read                                                                                                                                            ;
+----------------------------------+-----------------+------------------------------------+-------------------------------------------------------------------------------+---------+
; File Name with User-Entered Path ; Used in Netlist ; File Type                          ; File Name with Absolute Path                                                  ; Library ;
+----------------------------------+-----------------+------------------------------------+-------------------------------------------------------------------------------+---------+
; ALUtest.bdf                      ; yes             ; User Block Diagram/Schematic File  ; /home/student1/pawad/Downloads/Lab6-V7 (2)/ALUtest.bdf                        ;         ;
; ALU3.vhd                         ; yes             ; User VHDL File                     ; /home/student1/pawad/Downloads/Lab6-V7 (2)/ALU3.vhd                           ;         ;
; lpm_divide.tdf                   ; yes             ; Megafunction                       ; /CMC/tools/altera/13.0sp1/quartus/libraries/megafunctions/lpm_divide.tdf      ;         ;
; abs_divider.inc                  ; yes             ; Megafunction                       ; /CMC/tools/altera/13.0sp1/quartus/libraries/megafunctions/abs_divider.inc     ;         ;
; sign_div_unsign.inc              ; yes             ; Megafunction                       ; /CMC/tools/altera/13.0sp1/quartus/libraries/megafunctions/sign_div_unsign.inc ;         ;
; aglobal130.inc                   ; yes             ; Megafunction                       ; /CMC/tools/altera/13.0sp1/quartus/libraries/megafunctions/aglobal130.inc      ;         ;
; db/lpm_divide_1dm.tdf            ; yes             ; Auto-Generated Megafunction        ; /home/student1/pawad/Downloads/Lab6-V7 (2)/db/lpm_divide_1dm.tdf              ;         ;
; db/sign_div_unsign_bkh.tdf       ; yes             ; Auto-Generated Megafunction        ; /home/student1/pawad/Downloads/Lab6-V7 (2)/db/sign_div_unsign_bkh.tdf         ;         ;
; db/alt_u_div_ove.tdf             ; yes             ; Auto-Generated Megafunction        ; /home/student1/pawad/Downloads/Lab6-V7 (2)/db/alt_u_div_ove.tdf               ;         ;
; db/add_sub_lkc.tdf               ; yes             ; Auto-Generated Megafunction        ; /home/student1/pawad/Downloads/Lab6-V7 (2)/db/add_sub_lkc.tdf                 ;         ;
; db/add_sub_mkc.tdf               ; yes             ; Auto-Generated Megafunction        ; /home/student1/pawad/Downloads/Lab6-V7 (2)/db/add_sub_mkc.tdf                 ;         ;
; db/lpm_divide_85m.tdf            ; yes             ; Auto-Generated Megafunction        ; /home/student1/pawad/Downloads/Lab6-V7 (2)/db/lpm_divide_85m.tdf              ;         ;
; db/sign_div_unsign_fkh.tdf       ; yes             ; Auto-Generated Megafunction        ; /home/student1/pawad/Downloads/Lab6-V7 (2)/db/sign_div_unsign_fkh.tdf         ;         ;
; db/alt_u_div_00f.tdf             ; yes             ; Auto-Generated Megafunction        ; /home/student1/pawad/Downloads/Lab6-V7 (2)/db/alt_u_div_00f.tdf               ;         ;
+----------------------------------+-----------------+------------------------------------+-------------------------------------------------------------------------------+---------+


+-------------------------------------------------------------------------------------------------------------------------------------------------------------------------------------+
; Analysis & Synthesis Resource Usage Summary                                                                                                                                         ;
+---------------------------------------------+---------------------------------------------------------------------------------------------------------------------------------------+
; Resource                                    ; Usage                                                                                                                                 ;
+---------------------------------------------+---------------------------------------------------------------------------------------------------------------------------------------+
; Estimated Total logic elements              ; 140                                                                                                                                   ;
;                                             ;                                                                                                                                       ;
; Total combinational functions               ; 140                                                                                                                                   ;
; Logic element usage by number of LUT inputs ;                                                                                                                                       ;
;     -- 4 input functions                    ; 26                                                                                                                                    ;
;     -- 3 input functions                    ; 38                                                                                                                                    ;
;     -- <=2 input functions                  ; 76                                                                                                                                    ;
;                                             ;                                                                                                                                       ;
; Logic elements by mode                      ;                                                                                                                                       ;
;     -- normal mode                          ; 96                                                                                                                                    ;
;     -- arithmetic mode                      ; 44                                                                                                                                    ;
;                                             ;                                                                                                                                       ;
; Total registers                             ; 1                                                                                                                                     ;
;     -- Dedicated logic registers            ; 1                                                                                                                                     ;
;     -- I/O registers                        ; 0                                                                                                                                     ;
;                                             ;                                                                                                                                       ;
; I/O pins                                    ; 42                                                                                                                                    ;
; Embedded Multiplier 9-bit elements          ; 0                                                                                                                                     ;
; Maximum fan-out node                        ; ALU3:inst7|lpm_divide:Mod0|lpm_divide_85m:auto_generated|sign_div_unsign_fkh:divider|alt_u_div_00f:divider|add_sub_5_result_int[6]~10 ;
; Maximum fan-out                             ; 17                                                                                                                                    ;
; Total fan-out                               ; 354                                                                                                                                   ;
; Average fan-out                             ; 1.93                                                                                                                                  ;
+---------------------------------------------+---------------------------------------------------------------------------------------------------------------------------------------+


+--------------------------------------------------------------------------------------------------------------------------------------------------------------------------------------------------------------------------------------------------------------------------------------------+
; Analysis & Synthesis Resource Utilization by Entity                                                                                                                                                                                                                                        ;
+-------------------------------------------+-------------------+--------------+-------------+--------------+---------+-----------+------+--------------+---------------------------------------------------------------------------------------------------------------------+--------------+
; Compilation Hierarchy Node                ; LC Combinationals ; LC Registers ; Memory Bits ; DSP Elements ; DSP 9x9 ; DSP 18x18 ; Pins ; Virtual Pins ; Full Hierarchy Name                                                                                                 ; Library Name ;
+-------------------------------------------+-------------------+--------------+-------------+--------------+---------+-----------+------+--------------+---------------------------------------------------------------------------------------------------------------------+--------------+
; |ALUtest                                  ; 140 (0)           ; 1 (0)        ; 0           ; 0            ; 0       ; 0         ; 42   ; 0            ; |ALUtest                                                                                                            ; work         ;
;    |ALU3:inst7|                           ; 140 (10)          ; 1 (1)        ; 0           ; 0            ; 0       ; 0         ; 0    ; 0            ; |ALUtest|ALU3:inst7                                                                                                 ; work         ;
;       |lpm_divide:Div0|                   ; 56 (0)            ; 0 (0)        ; 0           ; 0            ; 0       ; 0         ; 0    ; 0            ; |ALUtest|ALU3:inst7|lpm_divide:Div0                                                                                 ; work         ;
;          |lpm_divide_1dm:auto_generated|  ; 56 (0)            ; 0 (0)        ; 0           ; 0            ; 0       ; 0         ; 0    ; 0            ; |ALUtest|ALU3:inst7|lpm_divide:Div0|lpm_divide_1dm:auto_generated                                                   ; work         ;
;             |sign_div_unsign_bkh:divider| ; 56 (0)            ; 0 (0)        ; 0           ; 0            ; 0       ; 0         ; 0    ; 0            ; |ALUtest|ALU3:inst7|lpm_divide:Div0|lpm_divide_1dm:auto_generated|sign_div_unsign_bkh:divider                       ; work         ;
;                |alt_u_div_ove:divider|    ; 56 (56)           ; 0 (0)        ; 0           ; 0            ; 0       ; 0         ; 0    ; 0            ; |ALUtest|ALU3:inst7|lpm_divide:Div0|lpm_divide_1dm:auto_generated|sign_div_unsign_bkh:divider|alt_u_div_ove:divider ; work         ;
;       |lpm_divide:Mod0|                   ; 74 (0)            ; 0 (0)        ; 0           ; 0            ; 0       ; 0         ; 0    ; 0            ; |ALUtest|ALU3:inst7|lpm_divide:Mod0                                                                                 ; work         ;
;          |lpm_divide_85m:auto_generated|  ; 74 (0)            ; 0 (0)        ; 0           ; 0            ; 0       ; 0         ; 0    ; 0            ; |ALUtest|ALU3:inst7|lpm_divide:Mod0|lpm_divide_85m:auto_generated                                                   ; work         ;
;             |sign_div_unsign_fkh:divider| ; 74 (0)            ; 0 (0)        ; 0           ; 0            ; 0       ; 0         ; 0    ; 0            ; |ALUtest|ALU3:inst7|lpm_divide:Mod0|lpm_divide_85m:auto_generated|sign_div_unsign_fkh:divider                       ; work         ;
;                |alt_u_div_00f:divider|    ; 74 (74)           ; 0 (0)        ; 0           ; 0            ; 0       ; 0         ; 0    ; 0            ; |ALUtest|ALU3:inst7|lpm_divide:Mod0|lpm_divide_85m:auto_generated|sign_div_unsign_fkh:divider|alt_u_div_00f:divider ; work         ;
+-------------------------------------------+-------------------+--------------+-------------+--------------+---------+-----------+------+--------------+---------------------------------------------------------------------------------------------------------------------+--------------+
Note: For table entries with two numbers listed, the numbers in parentheses indicate the number of resources of the given type used by the specific entity alone. The numbers listed outside of parentheses indicate the total resources of the given type used by the specific entity and all of its sub-entities in the hierarchy.


+--------------------------------------------------------------------------------+
; Registers Removed During Synthesis                                             ;
+---------------------------------------+----------------------------------------+
; Register name                         ; Reason for Removal                     ;
+---------------------------------------+----------------------------------------+
; ALU3:inst7|Result[1..3]               ; Stuck at GND due to stuck port data_in ;
; Total Number of Removed Registers = 3 ;                                        ;
+---------------------------------------+----------------------------------------+


+------------------------------------------------------+
; General Register Statistics                          ;
+----------------------------------------------+-------+
; Statistic                                    ; Value ;
+----------------------------------------------+-------+
; Total registers                              ; 1     ;
; Number of registers using Synchronous Clear  ; 0     ;
; Number of registers using Synchronous Load   ; 0     ;
; Number of registers using Asynchronous Clear ; 1     ;
; Number of registers using Asynchronous Load  ; 0     ;
; Number of registers using Clock Enable       ; 0     ;
; Number of registers using Preset             ; 0     ;
+----------------------------------------------+-------+


+-----------------------------------------------------------------------------+
; Parameter Settings for Inferred Entity Instance: ALU3:inst7|lpm_divide:Div0 ;
+------------------------+----------------+-----------------------------------+
; Parameter Name         ; Value          ; Type                              ;
+------------------------+----------------+-----------------------------------+
; LPM_WIDTHN             ; 8              ; Untyped                           ;
; LPM_WIDTHD             ; 4              ; Untyped                           ;
; LPM_NREPRESENTATION    ; UNSIGNED       ; Untyped                           ;
; LPM_DREPRESENTATION    ; UNSIGNED       ; Untyped                           ;
; LPM_PIPELINE           ; 0              ; Untyped                           ;
; LPM_REMAINDERPOSITIVE  ; TRUE           ; Untyped                           ;
; MAXIMIZE_SPEED         ; 5              ; Untyped                           ;
; CBXI_PARAMETER         ; lpm_divide_1dm ; Untyped                           ;
; CARRY_CHAIN            ; MANUAL         ; Untyped                           ;
; OPTIMIZE_FOR_SPEED     ; 5              ; Untyped                           ;
; AUTO_CARRY_CHAINS      ; ON             ; AUTO_CARRY                        ;
; IGNORE_CARRY_BUFFERS   ; OFF            ; IGNORE_CARRY                      ;
; AUTO_CASCADE_CHAINS    ; ON             ; AUTO_CASCADE                      ;
; IGNORE_CASCADE_BUFFERS ; OFF            ; IGNORE_CASCADE                    ;
+------------------------+----------------+-----------------------------------+
Note: In order to hide this table in the UI and the text report file, please set the "Show Parameter Settings in Synthesis Report" option in "Analysis and Synthesis Settings -> More Settings" to "Off".


+-----------------------------------------------------------------------------+
; Parameter Settings for Inferred Entity Instance: ALU3:inst7|lpm_divide:Mod0 ;
+------------------------+----------------+-----------------------------------+
; Parameter Name         ; Value          ; Type                              ;
+------------------------+----------------+-----------------------------------+
; LPM_WIDTHN             ; 8              ; Untyped                           ;
; LPM_WIDTHD             ; 8              ; Untyped                           ;
; LPM_NREPRESENTATION    ; UNSIGNED       ; Untyped                           ;
; LPM_DREPRESENTATION    ; UNSIGNED       ; Untyped                           ;
; LPM_PIPELINE           ; 0              ; Untyped                           ;
; LPM_REMAINDERPOSITIVE  ; TRUE           ; Untyped                           ;
; MAXIMIZE_SPEED         ; 5              ; Untyped                           ;
; CBXI_PARAMETER         ; lpm_divide_85m ; Untyped                           ;
; CARRY_CHAIN            ; MANUAL         ; Untyped                           ;
; OPTIMIZE_FOR_SPEED     ; 5              ; Untyped                           ;
; AUTO_CARRY_CHAINS      ; ON             ; AUTO_CARRY                        ;
; IGNORE_CARRY_BUFFERS   ; OFF            ; IGNORE_CARRY                      ;
; AUTO_CASCADE_CHAINS    ; ON             ; AUTO_CASCADE                      ;
; IGNORE_CASCADE_BUFFERS ; OFF            ; IGNORE_CASCADE                    ;
+------------------------+----------------+-----------------------------------+
Note: In order to hide this table in the UI and the text report file, please set the "Show Parameter Settings in Synthesis Report" option in "Analysis and Synthesis Settings -> More Settings" to "Off".


+-------------------------------+
; Elapsed Time Per Partition    ;
+----------------+--------------+
; Partition Name ; Elapsed Time ;
+----------------+--------------+
; Top            ; 00:00:02     ;
+----------------+--------------+


+-------------------------------+
; Analysis & Synthesis Messages ;
+-------------------------------+
Info: *******************************************************************
Info: Running Quartus II 32-bit Analysis & Synthesis
    Info: Version 13.0.1 Build 232 06/12/2013 Service Pack 1 SJ Full Version
    Info: Processing started: Thu Nov 28 15:00:04 2024
Info: Command: quartus_map --read_settings_files=on --write_settings_files=off lab6 -c lab6
Info (11104): Parallel Compilation has detected 8 hyper-threaded processors. However, the extra hyper-threaded processors will not be used by default. Parallel Compilation will use 4 of the 4 physical processors detected instead.
Info (12021): Found 2 design units, including 1 entities, in source file ALU.vhd
    Info (12022): Found design unit 1: ALU-calculation
    Info (12023): Found entity 1: ALU
Info (12021): Found 2 design units, including 1 entities, in source file regis.vhd
    Info (12022): Found design unit 1: regis-Behavior
    Info (12023): Found entity 1: regis
Info (12021): Found 2 design units, including 1 entities, in source file FSM.vhd
    Info (12022): Found design unit 1: FSM-fsm
    Info (12023): Found entity 1: FSM
Info (12021): Found 1 design units, including 1 entities, in source file lab6.bdf
    Info (12023): Found entity 1: lab6
Info (12021): Found 2 design units, including 1 entities, in source file decod4to16.vhd
    Info (12022): Found design unit 1: decod4to16-Behavior
    Info (12023): Found entity 1: decod4to16
Info (12021): Found 2 design units, including 1 entities, in source file sseg.vhd
    Info (12022): Found design unit 1: sseg-Behavior
    Info (12023): Found entity 1: sseg
Info (12021): Found 1 design units, including 1 entities, in source file ALUtest.bdf
    Info (12023): Found entity 1: ALUtest
Info (12021): Found 2 design units, including 1 entities, in source file ALU2.vhd
    Info (12022): Found design unit 1: ALU2-calculation
    Info (12023): Found entity 1: ALU2
Info (12021): Found 2 design units, including 1 entities, in source file ALU3.vhd
    Info (12022): Found design unit 1: ALU3-calculation
    Info (12023): Found entity 1: ALU3
Info (12021): Found 2 design units, including 1 entities, in source file sseg2.vhd
    Info (12022): Found design unit 1: sseg2-Behavior
    Info (12023): Found entity 1: sseg2
Info (12021): Found 1 design units, including 1 entities, in source file lab6part3.bdf
    Info (12023): Found entity 1: lab6part3
Info (12127): Elaborating entity "ALUtest" for the top level hierarchy
Info (12128): Elaborating entity "ALU3" for hierarchy "ALU3:inst7"
Warning (10036): Verilog HDL or VHDL warning at ALU3.vhd(16): object "Reg1" assigned a value but never read
Info (278001): Inferred 2 megafunctions from design logic
    Info (278004): Inferred divider/modulo megafunction ("lpm_divide") from the following logic: "ALU3:inst7|Div0"
    Info (278004): Inferred divider/modulo megafunction ("lpm_divide") from the following logic: "ALU3:inst7|Mod0"
Info (12130): Elaborated megafunction instantiation "ALU3:inst7|lpm_divide:Div0"
Info (12133): Instantiated megafunction "ALU3:inst7|lpm_divide:Div0" with the following parameter:
    Info (12134): Parameter "LPM_WIDTHN" = "8"
    Info (12134): Parameter "LPM_WIDTHD" = "4"
    Info (12134): Parameter "LPM_NREPRESENTATION" = "UNSIGNED"
    Info (12134): Parameter "LPM_DREPRESENTATION" = "UNSIGNED"
Info (12021): Found 1 design units, including 1 entities, in source file db/lpm_divide_1dm.tdf
    Info (12023): Found entity 1: lpm_divide_1dm
Info (12021): Found 1 design units, including 1 entities, in source file db/sign_div_unsign_bkh.tdf
    Info (12023): Found entity 1: sign_div_unsign_bkh
Info (12021): Found 1 design units, including 1 entities, in source file db/alt_u_div_ove.tdf
    Info (12023): Found entity 1: alt_u_div_ove
Info (12021): Found 1 design units, including 1 entities, in source file db/add_sub_lkc.tdf
    Info (12023): Found entity 1: add_sub_lkc
Info (12021): Found 1 design units, including 1 entities, in source file db/add_sub_mkc.tdf
    Info (12023): Found entity 1: add_sub_mkc
Info (12130): Elaborated megafunction instantiation "ALU3:inst7|lpm_divide:Mod0"
Info (12133): Instantiated megafunction "ALU3:inst7|lpm_divide:Mod0" with the following parameter:
    Info (12134): Parameter "LPM_WIDTHN" = "8"
    Info (12134): Parameter "LPM_WIDTHD" = "8"
    Info (12134): Parameter "LPM_NREPRESENTATION" = "UNSIGNED"
    Info (12134): Parameter "LPM_DREPRESENTATION" = "UNSIGNED"
Info (12021): Found 1 design units, including 1 entities, in source file db/lpm_divide_85m.tdf
    Info (12023): Found entity 1: lpm_divide_85m
Info (12021): Found 1 design units, including 1 entities, in source file db/sign_div_unsign_fkh.tdf
    Info (12023): Found entity 1: sign_div_unsign_fkh
Info (12021): Found 1 design units, including 1 entities, in source file db/alt_u_div_00f.tdf
    Info (12023): Found entity 1: alt_u_div_00f
Warning (13024): Output pins are stuck at VCC or GND
    Warning (13410): Pin "R1[3]" is stuck at GND
    Warning (13410): Pin "R1[2]" is stuck at GND
    Warning (13410): Pin "R1[1]" is stuck at GND
Info (16010): Generating hard_block partition "hard_block:auto_generated_inst"
    Info (16011): Adding 0 node(s), including 0 DDIO, 0 PLL, 0 transceiver and 0 LCELL
Warning (21074): Design contains 24 input pin(s) that do not drive logic
    Warning (15610): No output dependent on input pin "B[7]"
    Warning (15610): No output dependent on input pin "B[6]"
    Warning (15610): No output dependent on input pin "B[5]"
    Warning (15610): No output dependent on input pin "B[4]"
    Warning (15610): No output dependent on input pin "B[3]"
    Warning (15610): No output dependent on input pin "B[2]"
    Warning (15610): No output dependent on input pin "B[1]"
    Warning (15610): No output dependent on input pin "B[0]"
    Warning (15610): No output dependent on input pin "opcode[15]"
    Warning (15610): No output dependent on input pin "opcode[14]"
    Warning (15610): No output dependent on input pin "opcode[13]"
    Warning (15610): No output dependent on input pin "opcode[12]"
    Warning (15610): No output dependent on input pin "opcode[11]"
    Warning (15610): No output dependent on input pin "opcode[10]"
    Warning (15610): No output dependent on input pin "opcode[9]"
    Warning (15610): No output dependent on input pin "opcode[8]"
    Warning (15610): No output dependent on input pin "opcode[7]"
    Warning (15610): No output dependent on input pin "opcode[6]"
    Warning (15610): No output dependent on input pin "opcode[5]"
    Warning (15610): No output dependent on input pin "opcode[4]"
    Warning (15610): No output dependent on input pin "opcode[3]"
    Warning (15610): No output dependent on input pin "opcode[2]"
    Warning (15610): No output dependent on input pin "opcode[1]"
    Warning (15610): No output dependent on input pin "opcode[0]"
Info (21057): Implemented 182 device resources after synthesis - the final resource count might be different
    Info (21058): Implemented 38 input pins
    Info (21059): Implemented 4 output pins
    Info (21061): Implemented 140 logic cells
Info: Quartus II 32-bit Analysis & Synthesis was successful. 0 errors, 30 warnings
    Info: Peak virtual memory: 382 megabytes
    Info: Processing ended: Thu Nov 28 15:00:22 2024
    Info: Elapsed time: 00:00:18
    Info: Total CPU time (on all processors): 00:00:03


